# JRE version: OpenJDK Runtime Environment Temurin-17.0.11+9 (17.0.11+9) (build 17.0.11+9)
# Java VM: OpenJDK 64-Bit Server VM Temurin-17.0.11+9 (17.0.11+9, mixed mode, tiered, compressed oops, compressed class ptrs, parallel gc, windows-amd64)
GC Precious Log:
 CPUs: 4 total, 4 available
 Memory: 3883M
 Large Page Support: Disabled
 NUMA Support: Disabled
 Compressed Oops: Enabled (32-bit)
 Alignments: Space 512K, Generation 512K, Heap 2M
 Heap Min Capacity: 100M
 Heap Initial Capacity: 100M
 Heap Max Capacity: 1G
 Pre-touch: Disabled
 Parallel Workers: 4
Heap:
 PSYoungGen      total 24064K, used 20848K [0x00000000eab00000, 0x00000000ec480000, 0x0000000100000000)
  eden space 22016K, 87% used [0x00000000eab00000,0x00000000ebdd8d70,0x00000000ec080000)
  from space 2048K, 75% used [0x00000000ec080000,0x00000000ec203668,0x00000000ec280000)
  to   space 2048K, 0% used [0x00000000ec280000,0x00000000ec280000,0x00000000ec480000)
 ParOldGen       total 68608K, used 18968K [0x00000000c0000000, 0x00000000c4300000, 0x00000000eab00000)
  object space 68608K, 27% used [0x00000000c0000000,0x00000000c1286180,0x00000000c4300000)
 Metaspace       used 53116K, committed 54016K, reserved 1114112K
  class space    used 5759K, committed 6144K, reserved 1048576K
GC Heap History (20 events):
Event: 29.219 GC heap before
{Heap before GC invocations=10 (full 1):
 PSYoungGen      total 26624K, used 26607K [0x00000000eab00000, 0x00000000eca00000, 0x0000000100000000)
  eden space 24064K, 100% used [0x00000000eab00000,0x00000000ec280000,0x00000000ec280000)
  from space 2560K, 99% used [0x00000000ec780000,0x00000000ec9fbdb0,0x00000000eca00000)
  to   space 3584K, 0% used [0x00000000ec300000,0x00000000ec300000,0x00000000ec680000)
 ParOldGen       total 68608K, used 11298K [0x00000000c0000000, 0x00000000c4300000, 0x00000000eab00000)
  object space 68608K, 16% used [0x00000000c0000000,0x00000000c0b08a08,0x00000000c4300000)
 Metaspace       used 30112K, committed 30784K, reserved 1114112K
  class space    used 2961K, committed 3264K, reserved 1048576K
}
Event: 29.222 GC heap after
{Heap after GC invocations=10 (full 1):
 PSYoungGen      total 26624K, used 2739K [0x00000000eab00000, 0x00000000ec800000, 0x0000000100000000)
  eden space 23552K, 0% used [0x00000000eab00000,0x00000000eab00000,0x00000000ec200000)
  from space 3072K, 89% used [0x00000000ec300000,0x00000000ec5acc00,0x00000000ec600000)
  to   space 2048K, 0% used [0x00000000ec600000,0x00000000ec600000,0x00000000ec800000)
 ParOldGen       total 68608K, used 11306K [0x00000000c0000000, 0x00000000c4300000, 0x00000000eab00000)
  object space 68608K, 16% used [0x00000000c0000000,0x00000000c0b0aa08,0x00000000c4300000)
 Metaspace       used 30112K, committed 30784K, reserved 1114112K
  class space    used 2961K, committed 3264K, reserved 1048576K
}
Event: 29.398 GC heap before
{Heap before GC invocations=11 (full 1):
 PSYoungGen      total 26624K, used 26291K [0x00000000eab00000, 0x00000000ec800000, 0x0000000100000000)
  eden space 23552K, 100% used [0x00000000eab00000,0x00000000ec200000,0x00000000ec200000)
  from space 3072K, 89% used [0x00000000ec300000,0x00000000ec5acc00,0x00000000ec600000)
  to   space 2048K, 0% used [0x00000000ec600000,0x00000000ec600000,0x00000000ec800000)
 ParOldGen       total 68608K, used 11306K [0x00000000c0000000, 0x00000000c4300000, 0x00000000eab00000)
  object space 68608K, 16% used [0x00000000c0000000,0x00000000c0b0aa08,0x00000000c4300000)
 Metaspace       used 32115K, committed 32768K, reserved 1114112K
  class space    used 3106K, committed 3392K, reserved 1048576K
}
Event: 29.402 GC heap after
{Heap after GC invocations=11 (full 1):
 PSYoungGen      total 25088K, used 1992K [0x00000000eab00000, 0x00000000ec800000, 0x0000000100000000)
  eden space 23040K, 0% used [0x00000000eab00000,0x00000000eab00000,0x00000000ec180000)
  from space 2048K, 97% used [0x00000000ec600000,0x00000000ec7f22b0,0x00000000ec800000)
  to   space 2560K, 0% used [0x00000000ec300000,0x00000000ec300000,0x00000000ec580000)
 ParOldGen       total 68608K, used 13855K [0x00000000c0000000, 0x00000000c4300000, 0x00000000eab00000)
  object space 68608K, 20% used [0x00000000c0000000,0x00000000c0d87c38,0x00000000c4300000)
 Metaspace       used 32115K, committed 32768K, reserved 1114112K
  class space    used 3106K, committed 3392K, reserved 1048576K
}
Event: 29.790 GC heap before
{Heap before GC invocations=12 (full 1):
 PSYoungGen      total 25088K, used 23880K [0x00000000eab00000, 0x00000000ec800000, 0x0000000100000000)
  eden space 23040K, 94% used [0x00000000eab00000,0x00000000ec05ff90,0x00000000ec180000)
  from space 2048K, 97% used [0x00000000ec600000,0x00000000ec7f22b0,0x00000000ec800000)
  to   space 2560K, 0% used [0x00000000ec300000,0x00000000ec300000,0x00000000ec580000)
 ParOldGen       total 68608K, used 13855K [0x00000000c0000000, 0x00000000c4300000, 0x00000000eab00000)
  object space 68608K, 20% used [0x00000000c0000000,0x00000000c0d87c38,0x00000000c4300000)
 Metaspace       used 35163K, committed 35840K, reserved 1114112K
  class space    used 3430K, committed 3712K, reserved 1048576K
}
Event: 29.793 GC heap after
{Heap after GC invocations=12 (full 1):
 PSYoungGen      total 24576K, used 1321K [0x00000000eab00000, 0x00000000ec680000, 0x0000000100000000)
  eden space 23040K, 0% used [0x00000000eab00000,0x00000000eab00000,0x00000000ec180000)
  from space 1536K, 86% used [0x00000000ec300000,0x00000000ec44a4f0,0x00000000ec480000)
  to   space 2048K, 0% used [0x00000000ec480000,0x00000000ec480000,0x00000000ec680000)
 ParOldGen       total 68608K, used 15739K [0x00000000c0000000, 0x00000000c4300000, 0x00000000eab00000)
  object space 68608K, 22% used [0x00000000c0000000,0x00000000c0f5eea0,0x00000000c4300000)
 Metaspace       used 35163K, committed 35840K, reserved 1114112K
  class space    used 3430K, committed 3712K, reserved 1048576K
}
Event: 29.793 GC heap before
{Heap before GC invocations=13 (full 2):
 PSYoungGen      total 24576K, used 1321K [0x00000000eab00000, 0x00000000ec680000, 0x0000000100000000)
  eden space 23040K, 0% used [0x00000000eab00000,0x00000000eab00000,0x00000000ec180000)
  from space 1536K, 86% used [0x00000000ec300000,0x00000000ec44a4f0,0x00000000ec480000)
  to   space 2048K, 0% used [0x00000000ec480000,0x00000000ec480000,0x00000000ec680000)
 ParOldGen       total 68608K, used 15739K [0x00000000c0000000, 0x00000000c4300000, 0x00000000eab00000)
  object space 68608K, 22% used [0x00000000c0000000,0x00000000c0f5eea0,0x00000000c4300000)
 Metaspace       used 35163K, committed 35840K, reserved 1114112K
  class space    used 3430K, committed 3712K, reserved 1048576K
}
Event: 29.840 GC heap after
{Heap after GC invocations=13 (full 2):
 PSYoungGen      total 24576K, used 0K [0x00000000eab00000, 0x00000000ec680000, 0x0000000100000000)
  eden space 23040K, 0% used [0x00000000eab00000,0x00000000eab00000,0x00000000ec180000)
  from space 1536K, 0% used [0x00000000ec300000,0x00000000ec300000,0x00000000ec480000)
  to   space 2048K, 0% used [0x00000000ec480000,0x00000000ec480000,0x00000000ec680000)
 ParOldGen       total 68608K, used 14980K [0x00000000c0000000, 0x00000000c4300000, 0x00000000eab00000)
  object space 68608K, 21% used [0x00000000c0000000,0x00000000c0ea12c8,0x00000000c4300000)
 Metaspace       used 35150K, committed 35840K, reserved 1114112K
  class space    used 3426K, committed 3712K, reserved 1048576K
}
Event: 30.264 GC heap before
{Heap before GC invocations=14 (full 2):
 PSYoungGen      total 24576K, used 23035K [0x00000000eab00000, 0x00000000ec680000, 0x0000000100000000)
  eden space 23040K, 99% used [0x00000000eab00000,0x00000000ec17ee90,0x00000000ec180000)
  from space 1536K, 0% used [0x00000000ec300000,0x00000000ec300000,0x00000000ec480000)
  to   space 2048K, 0% used [0x00000000ec480000,0x00000000ec480000,0x00000000ec680000)
 ParOldGen       total 68608K, used 14980K [0x00000000c0000000, 0x00000000c4300000, 0x00000000eab00000)
  object space 68608K, 21% used [0x00000000c0000000,0x00000000c0ea12c8,0x00000000c4300000)
 Metaspace       used 38480K, committed 39296K, reserved 1114112K
  class space    used 3841K, committed 4160K, reserved 1048576K
}
Event: 30.267 GC heap after
{Heap after GC invocations=14 (full 2):
 PSYoungGen      total 23552K, used 895K [0x00000000eab00000, 0x00000000ec580000, 0x0000000100000000)
  eden space 22528K, 0% used [0x00000000eab00000,0x00000000eab00000,0x00000000ec100000)
  from space 1024K, 87% used [0x00000000ec480000,0x00000000ec55fc30,0x00000000ec580000)
  to   space 1536K, 0% used [0x00000000ec280000,0x00000000ec280000,0x00000000ec400000)
 ParOldGen       total 68608K, used 14988K [0x00000000c0000000, 0x00000000c4300000, 0x00000000eab00000)
  object space 68608K, 21% used [0x00000000c0000000,0x00000000c0ea32c8,0x00000000c4300000)
 Metaspace       used 38480K, committed 39296K, reserved 1114112K
  class space    used 3841K, committed 4160K, reserved 1048576K
}
Event: 30.555 GC heap before
{Heap before GC invocations=15 (full 2):
 PSYoungGen      total 23552K, used 23423K [0x00000000eab00000, 0x00000000ec580000, 0x0000000100000000)
  eden space 22528K, 100% used [0x00000000eab00000,0x00000000ec100000,0x00000000ec100000)
  from space 1024K, 87% used [0x00000000ec480000,0x00000000ec55fc30,0x00000000ec580000)
  to   space 1536K, 0% used [0x00000000ec280000,0x00000000ec280000,0x00000000ec400000)
 ParOldGen       total 68608K, used 14988K [0x00000000c0000000, 0x00000000c4300000, 0x00000000eab00000)
  object space 68608K, 21% used [0x00000000c0000000,0x00000000c0ea32c8,0x00000000c4300000)
 Metaspace       used 41168K, committed 41984K, reserved 1114112K
  class space    used 4227K, committed 4544K, reserved 1048576K
}
Event: 30.557 GC heap after
{Heap after GC invocations=15 (full 2):
 PSYoungGen      total 23552K, used 800K [0x00000000eab00000, 0x00000000ec500000, 0x0000000100000000)
  eden space 22016K, 0% used [0x00000000eab00000,0x00000000eab00000,0x00000000ec080000)
  from space 1536K, 52% used [0x00000000ec280000,0x00000000ec348020,0x00000000ec400000)
  to   space 1024K, 0% used [0x00000000ec400000,0x00000000ec400000,0x00000000ec500000)
 ParOldGen       total 68608K, used 15807K [0x00000000c0000000, 0x00000000c4300000, 0x00000000eab00000)
  object space 68608K, 23% used [0x00000000c0000000,0x00000000c0f6ff20,0x00000000c4300000)
 Metaspace       used 41168K, committed 41984K, reserved 1114112K
  class space    used 4227K, committed 4544K, reserved 1048576K
}
Event: 30.790 GC heap before
{Heap before GC invocations=16 (full 2):
 PSYoungGen      total 23552K, used 22816K [0x00000000eab00000, 0x00000000ec500000, 0x0000000100000000)
  eden space 22016K, 100% used [0x00000000eab00000,0x00000000ec080000,0x00000000ec080000)
  from space 1536K, 52% used [0x00000000ec280000,0x00000000ec348020,0x00000000ec400000)
  to   space 1024K, 0% used [0x00000000ec400000,0x00000000ec400000,0x00000000ec500000)
 ParOldGen       total 68608K, used 15807K [0x00000000c0000000, 0x00000000c4300000, 0x00000000eab00000)
  object space 68608K, 23% used [0x00000000c0000000,0x00000000c0f6ff20,0x00000000c4300000)
 Metaspace       used 42879K, committed 43648K, reserved 1114112K
  class space    used 4452K, committed 4800K, reserved 1048576K
}
Event: 30.792 GC heap after
{Heap after GC invocations=16 (full 2):
 PSYoungGen      total 23040K, used 800K [0x00000000eab00000, 0x00000000ec500000, 0x0000000100000000)
  eden space 22016K, 0% used [0x00000000eab00000,0x00000000eab00000,0x00000000ec080000)
  from space 1024K, 78% used [0x00000000ec400000,0x00000000ec4c8000,0x00000000ec500000)
  to   space 1024K, 0% used [0x00000000ec300000,0x00000000ec300000,0x00000000ec400000)
 ParOldGen       total 68608K, used 16463K [0x00000000c0000000, 0x00000000c4300000, 0x00000000eab00000)
  object space 68608K, 23% used [0x00000000c0000000,0x00000000c1013f20,0x00000000c4300000)
 Metaspace       used 42879K, committed 43648K, reserved 1114112K
  class space    used 4452K, committed 4800K, reserved 1048576K
}
Event: 31.124 GC heap before
{Heap before GC invocations=17 (full 2):
 PSYoungGen      total 23040K, used 22816K [0x00000000eab00000, 0x00000000ec500000, 0x0000000100000000)
  eden space 22016K, 100% used [0x00000000eab00000,0x00000000ec080000,0x00000000ec080000)
  from space 1024K, 78% used [0x00000000ec400000,0x00000000ec4c8000,0x00000000ec500000)
  to   space 1024K, 0% used [0x00000000ec300000,0x00000000ec300000,0x00000000ec400000)
 ParOldGen       total 68608K, used 16463K [0x00000000c0000000, 0x00000000c4300000, 0x00000000eab00000)
  object space 68608K, 23% used [0x00000000c0000000,0x00000000c1013f20,0x00000000c4300000)
 Metaspace       used 45110K, committed 45888K, reserved 1114112K
  class space    used 4737K, committed 5056K, reserved 1048576K
}
Event: 31.126 GC heap after
{Heap after GC invocations=17 (full 2):
 PSYoungGen      total 23040K, used 672K [0x00000000eab00000, 0x00000000ec480000, 0x0000000100000000)
  eden space 22016K, 0% used [0x00000000eab00000,0x00000000eab00000,0x00000000ec080000)
  from space 1024K, 65% used [0x00000000ec300000,0x00000000ec3a8000,0x00000000ec400000)
  to   space 512K, 0% used [0x00000000ec400000,0x00000000ec400000,0x00000000ec480000)
 ParOldGen       total 68608K, used 17133K [0x00000000c0000000, 0x00000000c4300000, 0x00000000eab00000)
  object space 68608K, 24% used [0x00000000c0000000,0x00000000c10bb470,0x00000000c4300000)
 Metaspace       used 45110K, committed 45888K, reserved 1114112K
  class space    used 4737K, committed 5056K, reserved 1048576K
}
Event: 31.722 GC heap before
{Heap before GC invocations=18 (full 2):
 PSYoungGen      total 23040K, used 22688K [0x00000000eab00000, 0x00000000ec480000, 0x0000000100000000)
  eden space 22016K, 100% used [0x00000000eab00000,0x00000000ec080000,0x00000000ec080000)
  from space 1024K, 65% used [0x00000000ec300000,0x00000000ec3a8000,0x00000000ec400000)
  to   space 512K, 0% used [0x00000000ec400000,0x00000000ec400000,0x00000000ec480000)
 ParOldGen       total 68608K, used 17133K [0x00000000c0000000, 0x00000000c4300000, 0x00000000eab00000)
  object space 68608K, 24% used [0x00000000c0000000,0x00000000c10bb470,0x00000000c4300000)
 Metaspace       used 47663K, committed 48576K, reserved 1114112K
  class space    used 5079K, committed 5504K, reserved 1048576K
}
Event: 31.725 GC heap after
{Heap after GC invocations=18 (full 2):
 PSYoungGen      total 22528K, used 512K [0x00000000eab00000, 0x00000000ec480000, 0x0000000100000000)
  eden space 22016K, 0% used [0x00000000eab00000,0x00000000eab00000,0x00000000ec080000)
  from space 512K, 100% used [0x00000000ec400000,0x00000000ec480000,0x00000000ec480000)
  to   space 2048K, 0% used [0x00000000ec080000,0x00000000ec080000,0x00000000ec280000)
 ParOldGen       total 68608K, used 18448K [0x00000000c0000000, 0x00000000c4300000, 0x00000000eab00000)
  object space 68608K, 26% used [0x00000000c0000000,0x00000000c1204180,0x00000000c4300000)
 Metaspace       used 47663K, committed 48576K, reserved 1114112K
  class space    used 5079K, committed 5504K, reserved 1048576K
}
Event: 32.196 GC heap before
{Heap before GC invocations=19 (full 2):
 PSYoungGen      total 22528K, used 22526K [0x00000000eab00000, 0x00000000ec480000, 0x0000000100000000)
  eden space 22016K, 99% used [0x00000000eab00000,0x00000000ec07fa10,0x00000000ec080000)
  from space 512K, 100% used [0x00000000ec400000,0x00000000ec480000,0x00000000ec480000)
  to   space 2048K, 0% used [0x00000000ec080000,0x00000000ec080000,0x00000000ec280000)
 ParOldGen       total 68608K, used 18448K [0x00000000c0000000, 0x00000000c4300000, 0x00000000eab00000)
  object space 68608K, 26% used [0x00000000c0000000,0x00000000c1204180,0x00000000c4300000)
 Metaspace       used 50384K, committed 51264K, reserved 1114112K
  class space    used 5428K, committed 5824K, reserved 1048576K
}
Event: 32.200 GC heap after
{Heap after GC invocations=19 (full 2):
 PSYoungGen      total 24064K, used 1549K [0x00000000eab00000, 0x00000000ec480000, 0x0000000100000000)
  eden space 22016K, 0% used [0x00000000eab00000,0x00000000eab00000,0x00000000ec080000)
  from space 2048K, 75% used [0x00000000ec080000,0x00000000ec203668,0x00000000ec280000)
  to   space 2048K, 0% used [0x00000000ec280000,0x00000000ec280000,0x00000000ec480000)
 ParOldGen       total 68608K, used 18968K [0x00000000c0000000, 0x00000000c4300000, 0x00000000eab00000)
  object space 68608K, 27% used [0x00000000c0000000,0x00000000c1286180,0x00000000c4300000)
 Metaspace       used 50384K, committed 51264K, reserved 1114112K
  class space    used 5428K, committed 5824K, reserved 1048576K
}

